0 -> 1 0
0 -> 16 0
1 -> 2 1
16 -> 17 1
16 -> 56 1
2 -> 3 2
17 -> 18 2
56 -> 57 2
56 -> 89 2
3 -> 4 3
18 -> 19 3
57 -> 58 3
89 -> 90 3
89 -> 91 3
4 -> 5 4
19 -> 20 4
58 -> 59 4
90 -> 94 4
91 -> 92 4
5 -> 6 5
20 -> 21 5
59 -> 60 5
94 -> 95 5
92 -> 93 5
6 -> 7 6
21 -> 22 6
60 -> 61 6
95 -> 96 6
7 -> 8 7
22 -> 23 7
61 -> 62 7
96 -> 97 7
8 -> 9 8
23 -> 24 8
62 -> 63 8
9 -> 10 9
24 -> 25 9
63 -> 64 9
10 -> 11 10
25 -> 26 10
64 -> 65 10
11 -> 12 11
26 -> 27 11
65 -> 66 11
12 -> 13 12
27 -> 28 12
66 -> 67 12
13 -> 14 13
28 -> 29 13
67 -> 68 13
14 -> 15 14
29 -> 30 14
68 -> 69 14
30 -> 31 15
69 -> 70 15
31 -> 32 16
70 -> 71 16
32 -> 33 17
32 -> 86 17
71 -> 72 17
33 -> 34 18
86 -> 87 18
72 -> 73 18
34 -> 35 19
87 -> 88 19
73 -> 74 19
35 -> 36 20
74 -> 75 20
36 -> 37 21
75 -> 76 21
37 -> 38 22
76 -> 77 22
38 -> 39 23
77 -> 78 23
39 -> 40 24
78 -> 79 24
40 -> 41 25
79 -> 80 25
41 -> 42 26
80 -> 81 26
42 -> 43 27
81 -> 82 27
43 -> 44 28
82 -> 83 28
44 -> 45 29
83 -> 84 29
45 -> 46 30
84 -> 85 30
46 -> 47 31
47 -> 48 32
48 -> 49 33
49 -> 50 34
50 -> 51 35
51 -> 52 36
52 -> 53 37
53 -> 54 38
54 -> 55 39
0 1 2 3 4 5 6 7 8 9 10 11 12 13 14 15 1 2 3 4 5 6 7 8 9 10 11 12 13 14 15 16 17 18 19 20 21 22 23 24 25 26 27 28 29 30 31 32 33 34 35 36 37 38 39 40 2 3 4 5 6 7 8 9 10 11 12 13 14 15 16 17 18 19 20 21 22 23 24 25 26 27 28 29 30 31 18 19 20 3 4 4 5 6 5 6 7 8 
